{"uid":"5bc1505815759a31","name":"Карта 4444 4444 4444 4442 должна вызывать ошибку, но вызывает успех (покупка по карте)","fullName":"tests.test_ui.TestSuccessfulPurchase#test_card_4442_should_reject_but_approves","historyId":"a29563ff4c3daf604927ba619dcdf8ae","time":{"start":1765832591239,"stop":1765832615471,"duration":24232},"status":"failed","statusMessage":"AssertionError: Ожидалось уведомление об ОШИБКЕ, но получено об УСПЕХЕ!\nЗаголовок: 'Успешно'\nСодержимое: 'Операция одобрена Банком.'","statusTrace":"self = <tests.test_ui.TestSuccessfulPurchase testMethod=test_card_4442_should_reject_but_approves>\n\n    @allure.feature(\"Оплата по карте\")\n    @allure.story(\"Баг: Некорректная обработка отказа банка\")\n    @allure.title(\"Карта 4444 4444 4444 4442 должна вызывать ошибку, но вызывает успех (покупка по карте)\")\n    def test_card_4442_should_reject_but_approves(self):\n        driver = self.driver\n    \n        with allure.step(\"Нажать кнопку 'Купить'\"):\n            buy_button = WebDriverWait(driver, 25).until(\n                EC.element_to_be_clickable((By.CSS_SELECTOR, \"button.button_size_m.button_theme_alfa-on-white\"))\n            )\n            driver.execute_script(\"arguments[0].scrollIntoView({block: 'center'});\", buy_button)\n            driver.execute_script(\"arguments[0].click();\", buy_button)\n    \n        with allure.step(\"Дождаться формы 'Оплата по карте'\"):\n            WebDriverWait(driver, 10).until(\n                EC.visibility_of_element_located((By.XPATH, \"//h3[text()='Оплата по карте']\"))\n            )\n    \n        with allure.step(\"Заполнить форму данными карты 4444 4444 4444 4442\"):\n            inputs = driver.find_elements(By.CSS_SELECTOR, \"input.input__control\")\n            inputs[0].send_keys(\"4444 4444 4444 4442\")\n            inputs[1].send_keys(\"08\")\n            inputs[2].send_keys(\"26\")\n            inputs[3].send_keys(\"иван\")\n            inputs[4].send_keys(\"999\")\n    \n        with allure.step(\"Нажать кнопку 'Продолжить'\"):\n            continue_button = WebDriverWait(driver, 10).until(\n                EC.element_to_be_clickable((By.XPATH,\n                                            \"//button[contains(@class, 'button_view_extra') and contains(@class, 'button_size_m') and contains(@class, 'button_theme_alfa-on-white') and not(contains(@class, 'button_disabled')) and contains(., 'Продолжить')]\"))\n            )\n            continue_button.click()\n    \n        with allure.step(\"Дождаться появления ЛЮБОГО уведомления\"):\n            notification = WebDriverWait(driver, 25).until(\n                EC.visibility_of_element_located((By.CSS_SELECTOR, \"div.notification\"))\n            )\n    \n        with allure.step(\"Проверить, что уведомление — НЕ об успехе, а об ошибке\"):\n            notification_class = notification.get_attribute(\"class\")\n    \n            if \"notification_status_ok\" in notification_class:\n                title = notification.find_element(By.CSS_SELECTOR, \".notification__title\").text.strip()\n                content = notification.find_element(By.CSS_SELECTOR, \".notification__content\").text.strip()\n>               self.fail(\n                    f\"Ожидалось уведомление об ОШИБКЕ, но получено об УСПЕХЕ!\\n\"\n                    f\"Заголовок: '{title}'\\n\"\n                    f\"Содержимое: '{content}'\"\n                )\nE               AssertionError: Ожидалось уведомление об ОШИБКЕ, но получено об УСПЕХЕ!\nE               Заголовок: 'Успешно'\nE               Содержимое: 'Операция одобрена Банком.'\n\ntests\\test_ui.py:452: AssertionError","flaky":false,"newFailed":false,"newBroken":false,"newPassed":false,"retriesCount":0,"retriesStatusChange":false,"beforeStages":[{"name":"_unittest_setUpClass_fixture_TestSuccessfulPurchase","time":{"start":1765832591238,"stop":1765832591238,"duration":0},"status":"passed","steps":[],"attachments":[],"parameters":[],"hasContent":false,"attachmentStep":false,"attachmentsCount":0,"shouldDisplayMessage":false,"stepsCount":0}],"testStage":{"status":"failed","statusMessage":"AssertionError: Ожидалось уведомление об ОШИБКЕ, но получено об УСПЕХЕ!\nЗаголовок: 'Успешно'\nСодержимое: 'Операция одобрена Банком.'","statusTrace":"self = <tests.test_ui.TestSuccessfulPurchase testMethod=test_card_4442_should_reject_but_approves>\n\n    @allure.feature(\"Оплата по карте\")\n    @allure.story(\"Баг: Некорректная обработка отказа банка\")\n    @allure.title(\"Карта 4444 4444 4444 4442 должна вызывать ошибку, но вызывает успех (покупка по карте)\")\n    def test_card_4442_should_reject_but_approves(self):\n        driver = self.driver\n    \n        with allure.step(\"Нажать кнопку 'Купить'\"):\n            buy_button = WebDriverWait(driver, 25).until(\n                EC.element_to_be_clickable((By.CSS_SELECTOR, \"button.button_size_m.button_theme_alfa-on-white\"))\n            )\n            driver.execute_script(\"arguments[0].scrollIntoView({block: 'center'});\", buy_button)\n            driver.execute_script(\"arguments[0].click();\", buy_button)\n    \n        with allure.step(\"Дождаться формы 'Оплата по карте'\"):\n            WebDriverWait(driver, 10).until(\n                EC.visibility_of_element_located((By.XPATH, \"//h3[text()='Оплата по карте']\"))\n            )\n    \n        with allure.step(\"Заполнить форму данными карты 4444 4444 4444 4442\"):\n            inputs = driver.find_elements(By.CSS_SELECTOR, \"input.input__control\")\n            inputs[0].send_keys(\"4444 4444 4444 4442\")\n            inputs[1].send_keys(\"08\")\n            inputs[2].send_keys(\"26\")\n            inputs[3].send_keys(\"иван\")\n            inputs[4].send_keys(\"999\")\n    \n        with allure.step(\"Нажать кнопку 'Продолжить'\"):\n            continue_button = WebDriverWait(driver, 10).until(\n                EC.element_to_be_clickable((By.XPATH,\n                                            \"//button[contains(@class, 'button_view_extra') and contains(@class, 'button_size_m') and contains(@class, 'button_theme_alfa-on-white') and not(contains(@class, 'button_disabled')) and contains(., 'Продолжить')]\"))\n            )\n            continue_button.click()\n    \n        with allure.step(\"Дождаться появления ЛЮБОГО уведомления\"):\n            notification = WebDriverWait(driver, 25).until(\n                EC.visibility_of_element_located((By.CSS_SELECTOR, \"div.notification\"))\n            )\n    \n        with allure.step(\"Проверить, что уведомление — НЕ об успехе, а об ошибке\"):\n            notification_class = notification.get_attribute(\"class\")\n    \n            if \"notification_status_ok\" in notification_class:\n                title = notification.find_element(By.CSS_SELECTOR, \".notification__title\").text.strip()\n                content = notification.find_element(By.CSS_SELECTOR, \".notification__content\").text.strip()\n>               self.fail(\n                    f\"Ожидалось уведомление об ОШИБКЕ, но получено об УСПЕХЕ!\\n\"\n                    f\"Заголовок: '{title}'\\n\"\n                    f\"Содержимое: '{content}'\"\n                )\nE               AssertionError: Ожидалось уведомление об ОШИБКЕ, но получено об УСПЕХЕ!\nE               Заголовок: 'Успешно'\nE               Содержимое: 'Операция одобрена Банком.'\n\ntests\\test_ui.py:452: AssertionError","steps":[{"name":"Нажать кнопку 'Купить'","time":{"start":1765832602867,"stop":1765832603109,"duration":242},"status":"passed","steps":[],"attachments":[],"parameters":[],"hasContent":false,"attachmentStep":false,"attachmentsCount":0,"shouldDisplayMessage":false,"stepsCount":0},{"name":"Дождаться формы 'Оплата по карте'","time":{"start":1765832603109,"stop":1765832603145,"duration":36},"status":"passed","steps":[],"attachments":[],"parameters":[],"hasContent":false,"attachmentStep":false,"attachmentsCount":0,"shouldDisplayMessage":false,"stepsCount":0},{"name":"Заполнить форму данными карты 4444 4444 4444 4442","time":{"start":1765832603145,"stop":1765832603603,"duration":458},"status":"passed","steps":[],"attachments":[],"parameters":[],"hasContent":false,"attachmentStep":false,"attachmentsCount":0,"shouldDisplayMessage":false,"stepsCount":0},{"name":"Нажать кнопку 'Продолжить'","time":{"start":1765832603604,"stop":1765832603734,"duration":130},"status":"passed","steps":[],"attachments":[],"parameters":[],"hasContent":false,"attachmentStep":false,"attachmentsCount":0,"shouldDisplayMessage":false,"stepsCount":0},{"name":"Дождаться появления ЛЮБОГО уведомления","time":{"start":1765832603734,"stop":1765832613109,"duration":9375},"status":"passed","steps":[],"attachments":[],"parameters":[],"hasContent":false,"attachmentStep":false,"attachmentsCount":0,"shouldDisplayMessage":false,"stepsCount":0},{"name":"Проверить, что уведомление — НЕ об успехе, а об ошибке","time":{"start":1765832613109,"stop":1765832613171,"duration":62},"status":"failed","statusMessage":"AssertionError: Ожидалось уведомление об ОШИБКЕ, но получено об УСПЕХЕ!\nЗаголовок: 'Успешно'\nСодержимое: 'Операция одобрена Банком.'\n","statusTrace":"  File \"C:\\Users\\St\\Desktop\\qapy-diplom_v2\\tests\\test_ui.py\", line 452, in test_card_4442_should_reject_but_approves\n    self.fail(\n    ~~~~~~~~~^\n        f\"Ожидалось уведомление об ОШИБКЕ, но получено об УСПЕХЕ!\\n\"\n        ^^^^^^^^^^^^^^^^^^^^^^^^^^^^^^^^^^^^^^^^^^^^^^^^^^^^^^^^^^^^\n        f\"Заголовок: '{title}'\\n\"\n        ^^^^^^^^^^^^^^^^^^^^^^^^^\n        f\"Содержимое: '{content}'\"\n        ^^^^^^^^^^^^^^^^^^^^^^^^^^\n    )\n    ^\n  File \"C:\\Users\\St\\AppData\\Local\\Programs\\Python\\Python313\\Lib\\unittest\\case.py\", line 732, in fail\n    raise self.failureException(msg)\n","steps":[],"attachments":[],"parameters":[],"hasContent":true,"attachmentStep":false,"attachmentsCount":0,"shouldDisplayMessage":true,"stepsCount":0}],"attachments":[],"parameters":[],"hasContent":true,"attachmentStep":false,"attachmentsCount":0,"shouldDisplayMessage":true,"stepsCount":6},"afterStages":[{"name":"_unittest_setUpClass_fixture_TestSuccessfulPurchase::0","time":{"start":1765832740236,"stop":1765832740236,"duration":0},"status":"passed","steps":[],"attachments":[],"parameters":[],"hasContent":false,"attachmentStep":false,"attachmentsCount":0,"shouldDisplayMessage":false,"stepsCount":0}],"labels":[{"name":"story","value":"Баг: Некорректная обработка отказа банка"},{"name":"feature","value":"Оплата по карте"},{"name":"parentSuite","value":"tests"},{"name":"suite","value":"test_ui"},{"name":"subSuite","value":"TestSuccessfulPurchase"},{"name":"host","value":"Kirilenko"},{"name":"thread","value":"24224-MainThread"},{"name":"framework","value":"pytest"},{"name":"language","value":"cpython3"},{"name":"package","value":"tests.test_ui"},{"name":"resultFormat","value":"allure2"}],"parameters":[],"links":[],"hidden":false,"retry":false,"extra":{"severity":"normal","retries":[],"categories":[{"name":"Product defects","matchedStatuses":[]}],"tags":[]},"source":"5bc1505815759a31.json","parameterValues":[]}